<?xml version="1.0" encoding="UTF-8"?>
<testng-results skipped="0" failed="0" ignored="0" total="1" passed="1">
  <reporter-output>
  </reporter-output>
  <suite name="Default suite" duration-ms="29222" started-at="2020-10-27T10:35:10Z" finished-at="2020-10-27T10:35:40Z">
    <groups>
    </groups>
    <test name="Default test" duration-ms="29222" started-at="2020-10-27T10:35:10Z" finished-at="2020-10-27T10:35:40Z">
      <class name="pkg.Marathi_Shaadi">
        <test-method status="PASS" signature="shaadi_marathi()[pri:0, instance:pkg.Marathi_Shaadi@e45f292]" name="shaadi_marathi" duration-ms="29171" started-at="2020-10-27T10:35:10Z" finished-at="2020-10-27T10:35:40Z">
          <reporter-output>
          </reporter-output>
        </test-method> <!-- shaadi_marathi -->
      </class> <!-- pkg.Marathi_Shaadi -->
    </test> <!-- Default test -->
  </suite> <!-- Default suite -->
</testng-results>
